<?xml version="1.0" encoding="UTF-8"?>
<testng-results ignored="0" total="1" passed="1" failed="0" skipped="0">
  <reporter-output>
  </reporter-output>
  <suite started-at="2023-06-07T12:40:47 IST" name="Default suite" finished-at="2023-06-07T12:41:01 IST" duration-ms="14668">
    <groups>
    </groups>
    <test started-at="2023-06-07T12:40:47 IST" name="Default test" finished-at="2023-06-07T12:41:01 IST" duration-ms="14668">
      <class name="testcases1.TestCase2">
        <test-method is-config="true" signature="Setup()[pri:0, instance:testcases1.TestCase2@6af93788]" started-at="2023-06-07T12:40:47 IST" name="Setup" finished-at="2023-06-07T12:41:00 IST" duration-ms="13369" status="PASS">
          <reporter-output>
          </reporter-output>
        </test-method> <!-- Setup -->
        <test-method signature="Test2()[pri:0, instance:testcases1.TestCase2@6af93788]" started-at="2023-06-07T12:41:00 IST" name="Test2" finished-at="2023-06-07T12:41:01 IST" duration-ms="1225" status="PASS">
          <reporter-output>
          </reporter-output>
        </test-method> <!-- Test2 -->
      </class> <!-- testcases1.TestCase2 -->
    </test> <!-- Default test -->
  </suite> <!-- Default suite -->
</testng-results>
