<?xml version="1.0" encoding="UTF-8"?>
<!-- Generated by org.testng.reporters.JUnitXMLReporter -->
<testsuite ignored="0" hostname="LAPTOP-0NFICUTO" failures="0" tests="3" name="Test" time="0.106" errors="0" timestamp="06 Jun 2023 06:10:33 GMT">
  <testcase classname="selenium.TestNGAnnotations" name="Test1" time="0.009"/>
  <testcase classname="selenium.TestNGAnnotations" name="Test2" time="0.002"/>
  <testcase classname="selenium.TestNG" name="TestSenario" time="0.007"/>
</testsuite> <!-- Test -->
